# JRE version: Java(TM) SE Runtime Environment (14.0.1+7) (build 14.0.1+7)
# Java VM: Java HotSpot(TM) 64-Bit Server VM (14.0.1+7, mixed mode, sharing, tiered, compressed oops, g1 gc, windows-amd64)
Heap:
 garbage-first heap   total 194560K, used 106033K [0x0000000742200000, 0x0000000800000000)
  region size 1024K, 101 young (103424K), 9 survivors (9216K)
 Metaspace       used 17736K, capacity 18350K, committed 18560K, reserved 1064960K
  class space    used 1914K, capacity 2114K, committed 2176K, reserved 1048576K
GC Heap History (8 events):
Event: 1.147 GC heap before
{Heap before GC invocations=0 (full 0):
 garbage-first heap   total 194560K, used 13312K [0x0000000742200000, 0x0000000800000000)
  region size 1024K, 13 young (13312K), 0 survivors (0K)
 Metaspace       used 4002K, capacity 6279K, committed 6400K, reserved 1056768K
  class space    used 414K, capacity 651K, committed 768K, reserved 1048576K
}
Event: 1.155 GC heap after
{Heap after GC invocations=1 (full 0):
 garbage-first heap   total 194560K, used 3662K [0x0000000742200000, 0x0000000800000000)
  region size 1024K, 2 young (2048K), 2 survivors (2048K)
 Metaspace       used 4002K, capacity 6279K, committed 6400K, reserved 1056768K
  class space    used 414K, capacity 651K, committed 768K, reserved 1048576K
}
Event: 1.692 GC heap before
{Heap before GC invocations=1 (full 0):
 garbage-first heap   total 194560K, used 16974K [0x0000000742200000, 0x0000000800000000)
  region size 1024K, 15 young (15360K), 2 survivors (2048K)
 Metaspace       used 6241K, capacity 7961K, committed 8192K, reserved 1056768K
  class space    used 727K, capacity 913K, committed 1024K, reserved 1048576K
}
Event: 1.696 GC heap after
{Heap after GC invocations=2 (full 0):
 garbage-first heap   total 194560K, used 4346K [0x0000000742200000, 0x0000000800000000)
  region size 1024K, 1 young (1024K), 1 survivors (1024K)
 Metaspace       used 6241K, capacity 7961K, committed 8192K, reserved 1056768K
  class space    used 727K, capacity 913K, committed 1024K, reserved 1048576K
}
Event: 2.591 GC heap before
{Heap before GC invocations=2 (full 0):
 garbage-first heap   total 194560K, used 27898K [0x0000000742200000, 0x0000000800000000)
  region size 1024K, 25 young (25600K), 1 survivors (1024K)
 Metaspace       used 9620K, capacity 10996K, committed 11136K, reserved 1058816K
  class space    used 1152K, capacity 1344K, committed 1408K, reserved 1048576K
}
Event: 2.594 GC heap after
{Heap after GC invocations=3 (full 0):
 garbage-first heap   total 194560K, used 5315K [0x0000000742200000, 0x0000000800000000)
  region size 1024K, 2 young (2048K), 2 survivors (2048K)
 Metaspace       used 9620K, capacity 10996K, committed 11136K, reserved 1058816K
  class space    used 1152K, capacity 1344K, committed 1408K, reserved 1048576K
}
Event: 10.150 GC heap before
{Heap before GC invocations=3 (full 0):
 garbage-first heap   total 194560K, used 120003K [0x0000000742200000, 0x0000000800000000)
  region size 1024K, 114 young (116736K), 2 survivors (2048K)
 Metaspace       used 14891K, capacity 15610K, committed 15744K, reserved 1062912K
  class space    used 1631K, capacity 1820K, committed 1920K, reserved 1048576K
}
Event: 10.166 GC heap after
{Heap after GC invocations=4 (full 0):
 garbage-first heap   total 194560K, used 12849K [0x0000000742200000, 0x0000000800000000)
  region size 1024K, 9 young (9216K), 9 survivors (9216K)
 Metaspace       used 14891K, capacity 15610K, committed 15744K, reserved 1062912K
  class space    used 1631K, capacity 1820K, committed 1920K, reserved 1048576K
}

